#
# There is insufficient memory for the Java Runtime Environment to continue.
# Native memory allocation (mmap) failed to map 65536 bytes. Error detail: Failed to commit metaspace.
# Possible reasons:
#   The system is out of physical RAM or swap space
#   This process is running with CompressedOops enabled, and the Java Heap may be blocking the growth of the native heap
# Possible solutions:
#   Reduce memory load on the system
#   Increase physical memory or swap space
#   Check if swap backing store is full
#   Decrease Java heap size (-Xmx/-Xms)
#   Decrease number of Java threads
#   Decrease Java thread stack sizes (-Xss)
#   Set larger code cache with -XX:ReservedCodeCacheSize=
#   JVM is running with Unscaled Compressed Oops mode in which the Java heap is
#     placed in the first 4GB address space. The Java Heap base address is the
#     maximum limit for the native heap growth. Please use -XX:HeapBaseMinAddress
#     to set the Java Heap base and to place the Java Heap above 4GB virtual address.
# This output file may be truncated or incomplete.
#
#  Out of Memory Error (virtualSpaceNode.cpp:113), pid=7224, tid=3968
#
# JRE version: Java(TM) SE Runtime Environment (23.0.1+11) (build 23.0.1+11-39)
# Java VM: Java HotSpot(TM) 64-Bit Server VM (23.0.1+11-39, mixed mode, sharing, tiered, compressed oops, compressed class ptrs, g1 gc, windows-amd64)
# No core dump will be written. Minidumps are not enabled by default on client versions of Windows
#

---------------  S U M M A R Y ------------

Command Line: -javaagent:C:\Program Files\JetBrains\IntelliJ IDEA Community Edition 2024.3.5\lib\idea_rt.jar=50532 -Dfile.encoding=UTF-8 -Dsun.stdout.encoding=UTF-8 -Dsun.stderr.encoding=UTF-8 Main

Host: Intel(R) Core(TM) i5-1035G1 CPU @ 1.00GHz, 8 cores, 7G,  Windows 11 , 64 bit Build 26100 (10.0.26100.3323)
Time: Sat Mar 29 13:02:04 2025 Hora Padrão de Buenos Aires elapsed time: 6.104728 seconds (0d 0h 0m 6s)

---------------  T H R E A D  ---------------

Current thread (0x000001aa6fc26b90):  JavaThread "main"             [_thread_in_vm, id=3968, stack(0x0000003a6f400000,0x0000003a6f500000) (1024K)]

Stack: [0x0000003a6f400000,0x0000003a6f500000]
Native frames: (J=compiled Java code, j=interpreted, Vv=VM code, C=native code)
V  [jvm.dll+0x6e08b9]  (no source info available)
V  [jvm.dll+0x87dc83]  (no source info available)
V  [jvm.dll+0x88010e]  (no source info available)
V  [jvm.dll+0x8807e3]  (no source info available)
V  [jvm.dll+0x27aee6]  (no source info available)
V  [jvm.dll+0x87988e]  (no source info available)
V  [jvm.dll+0x682035]  (no source info available)
V  [jvm.dll+0x68209a]  (no source info available)
V  [jvm.dll+0x6848da]  (no source info available)
V  [jvm.dll+0x2219dc]  (no source info available)
V  [jvm.dll+0x682a4e]  (no source info available)
V  [jvm.dll+0x693c49]  (no source info available)
V  [jvm.dll+0x68cffe]  (no source info available)
V  [jvm.dll+0x3d26b1]  (no source info available)
C  0x000001aa0753bf97  (no source info available)

The last pc belongs to method entry point (kind = zerolocals) (printed below).
Java frames: (J=compiled Java code, j=interpreted, Vv=VM code)
j  java.lang.ClassLoader.<init>(Ljava/lang/String;Ljava/lang/ClassLoader;)V+0 java.base
j  java.security.SecureClassLoader.<init>(Ljava/lang/String;Ljava/lang/ClassLoader;)V+3 java.base
j  jdk.internal.loader.BuiltinClassLoader.<init>(Ljava/lang/String;Ljdk/internal/loader/BuiltinClassLoader;Ljdk/internal/loader/URLClassPath;)V+18 java.base
j  jdk.internal.loader.ClassLoaders$BootClassLoader.<init>(Ljdk/internal/loader/URLClassPath;)V+4 java.base
j  jdk.internal.loader.ClassLoaders.<clinit>()V+92 java.base
v  ~StubRoutines::call_stub 0x000001aa07530fcd
j  jdk.internal.loader.BootLoader.loadModule(Ljava/lang/module/ModuleReference;)V+0 java.base
j  jdk.internal.module.ModuleBootstrap.boot2()Ljava/lang/ModuleLayer;+358 java.base
j  jdk.internal.module.ModuleBootstrap.boot()Ljava/lang/ModuleLayer;+64 java.base
j  java.lang.System.initPhase2(ZZ)I+0 java.base
v  ~StubRoutines::call_stub 0x000001aa07530fcd
Lock stack of current Java thread (top to bottom):

method entry point (kind = zerolocals)  [0x000001aa0753bdc0, 0x000001aa0753c188]  968 bytes
[MachCode]
  0x000001aa0753bdc0: 488b 5308 | 0fb7 4a2e | 0fb7 522c | 2bd1 81fa | f501 0000 | 0f86 2500 | 0000 488b | c248 c1e0 
  0x000001aa0753bde0: 0348 83c0 | 5849 0387 | d004 0000 | 483b e00f | 870a 0000 | 0058 498b | e550 e9e1 | a7ff ff58 
  0x000001aa0753be00: 4c8d 74cc | f885 d20f | 8e09 0000 | 0068 0000 | 0000 ffca | 7ff7 5055 | 488b ec41 | 5568 0000 
  0x000001aa0753be20: 0000 4c8b | 6b08 4d8d | 6d38 5348 | 8b53 0848 | 8b52 0848 | 8b52 1848 | 8b52 7048 | 8b12 5248 
  0x000001aa0753be40: 8b53 1048 | 85d2 0f84 | 0700 0000 | 4881 c210 | 0100 0052 | 488b 5308 | 488b 5208 | 488b 5210 
  0x000001aa0753be60: 5249 8bc6 | 482b c548 | c1e8 0350 | 4155 68f7 | ffff ff41 | c687 7104 | 0000 0148 | 8b45 d848 
  0x000001aa0753be80: 85c0 0f84 | 9100 0000 | 8b48 f485 | c90f 8886 | 0000 0048 | 03c1 488b | 4808 4883 | e902 488b 
  0x000001aa0753bea0: 54c8 1048 | f7da 498b | 14d6 4885 | d275 10f6 | 44c8 1801 | 755d f048 | 834c c818 | 01eb 548b 
  0x000001aa0753bec0: 5208 49ba | 0000 000f | aa01 0000 | 4903 d24c | 8bd2 4833 | 54c8 1848 | f7c2 fcff | ffff 7433 
  0x000001aa0753bee0: f6c2 0275 | 2e48 837c | c818 0074 | 2148 837c | c818 0174 | 1949 8bd2 | 4833 54c8 | 1848 f7c2 
  0x000001aa0753bf00: fcff ffff | 740d 4883 | 4cc8 1802 | eb05 4889 | 54c8 1848 | 83e9 0279 | 8548 8b43 | 1048 85c0 
  0x000001aa0753bf20: 7420 8b88 | cc00 0000 | 83c1 0289 | 88cc 0000 | 0023 88e0 | 0000 000f | 8496 0100 | 00e9 cf00 
  0x000001aa0753bf40: 0000 488b | 4318 4885 | c00f 85b0 | 0000 00e8 | 0500 0000 | e999 0000 | 0048 8bd3 | 488d 4424 
  0x000001aa0753bf60: 084c 896d | c049 8bcf | c5f8 7749 | 89af b003 | 0000 4989 | 87a0 0300 | 0048 83ec | 2040 f6c4 
  0x000001aa0753bf80: 0f0f 8419 | 0000 0048 | 83ec 0848 | b890 26d0 | 31f8 7f00 | 00ff d048 | 83c4 08e9 | 0c00 0000 
  0x000001aa0753bfa0: 48b8 9026 | d031 f87f | 0000 ffd0 | 4883 c420 | 49c7 87a0 | 0300 0000 | 0000 0049 | c787 b003 
  0x000001aa0753bfc0: 0000 0000 | 0000 49c7 | 87a8 0300 | 0000 0000 | 00c5 f877 | 4983 7f08 | 000f 8405 | 0000 00e9 
  0x000001aa0753bfe0: dc4e ffff | 4c8b 6dc0 | 4c8b 75c8 | 4e8d 74f5 | 00c3 488b | 4318 4885 | c00f 8412 | 0000 008b 
  0x000001aa0753c000: 4808 83c1 | 0289 4808 | 2348 1c0f | 84c2 0000 | 0049 3ba7 | e804 0000 | 0f87 4800 | 0000 8984 
  0x000001aa0753c020: 2400 f0ff | ff89 8424 | 00e0 ffff | 8984 2400 | d0ff ff89 | 8424 00c0 | ffff 8984 | 2400 b0ff 
  0x000001aa0753c040: ff89 8424 | 00a0 ffff | 8984 2400 | 90ff ff89 | 8424 0080 | ffff 493b | a7e0 0400 | 0076 0749 
  0x000001aa0753c060: 89a7 e804 | 0000 41c6 | 8771 0400 | 0000 49ba | 41ad 5732 | f87f 0000 | 4180 3a00 | 0f84 3e00 
  0x000001aa0753c080: 0000 488b | 55e8 498b | cf48 83ec | 2040 f6c4 | 0f0f 8419 | 0000 0048 | 83ec 0848 | b810 ee07 
  0x000001aa0753c0a0: 32f8 7f00 | 00ff d048 | 83c4 08e9 | 0c00 0000 | 48b8 10ee | 0732 f87f | 0000 ffd0 | 4883 c420 
  0x000001aa0753c0c0: 410f b65d | 0049 ba50 | 7e5b 32f8 | 7f00 0041 | ff24 daba | 0000 0000 | e805 0000 | 00e9 9600 
  0x000001aa0753c0e0: 0000 488d | 4424 084c | 896d c049 | 8bcf c5f8 | 7749 89af | b003 0000 | 4989 87a0 | 0300 0048 
  0x000001aa0753c100: 83ec 2040 | f6c4 0f0f | 8419 0000 | 0048 83ec | 0848 b8a0 | 31d0 31f8 | 7f00 00ff | d048 83c4 
  0x000001aa0753c120: 08e9 0c00 | 0000 48b8 | a031 d031 | f87f 0000 | ffd0 4883 | c420 49c7 | 87a0 0300 | 0000 0000 
  0x000001aa0753c140: 0049 c787 | b003 0000 | 0000 0000 | 49c7 87a8 | 0300 0000 | 0000 00c5 | f877 4983 | 7f08 000f 
  0x000001aa0753c160: 8405 0000 | 00e9 564d | ffff 4c8b | 6dc0 4c8b | 75c8 4e8d | 74f5 00c3 | 488b 5de8 | e990 feff 
  0x000001aa0753c180: ff0f 1f80 | 0000 0000 
[/MachCode]

---------------  P R O C E S S  ---------------

Threads class SMR info:
_java_thread_list=0x000001aa7d96ef20, length=9, elements={
0x000001aa6fc26b90, 0x000001aa7d971a40, 0x000001aa7d9766b0, 0x000001aa7d9794b0,
0x000001aa7d97a130, 0x000001aa7d97b9a0, 0x000001aa7d97d880, 0x000001aa7d982040,
0x000001aa7d993da0
}

Java Threads: ( => current thread )
=>0x000001aa6fc26b90 JavaThread "main"                              [_thread_in_vm, id=3968, stack(0x0000003a6f400000,0x0000003a6f500000) (1024K)]
  0x000001aa7d971a40 JavaThread "Reference Handler"          daemon [_thread_blocked, id=3236, stack(0x0000003a6fc00000,0x0000003a6fd00000) (1024K)]
  0x000001aa7d9766b0 JavaThread "Finalizer"                  daemon [_thread_blocked, id=13168, stack(0x0000003a6fd00000,0x0000003a6fe00000) (1024K)]
  0x000001aa7d9794b0 JavaThread "Signal Dispatcher"          daemon [_thread_blocked, id=11676, stack(0x0000003a6fe00000,0x0000003a6ff00000) (1024K)]
  0x000001aa7d97a130 JavaThread "Attach Listener"            daemon [_thread_blocked, id=6040, stack(0x0000003a6ff00000,0x0000003a70000000) (1024K)]
  0x000001aa7d97b9a0 JavaThread "Service Thread"             daemon [_thread_blocked, id=7708, stack(0x0000003a70000000,0x0000003a70100000) (1024K)]
  0x000001aa7d97d880 JavaThread "Monitor Deflation Thread"   daemon [_thread_blocked, id=8480, stack(0x0000003a70100000,0x0000003a70200000) (1024K)]
  0x000001aa7d982040 JavaThread "C2 CompilerThread0"         daemon [_thread_blocked, id=12988, stack(0x0000003a70200000,0x0000003a70300000) (1024K)]
  0x000001aa7d993da0 JavaThread "C1 CompilerThread0"         daemon [_thread_blocked, id=2536, stack(0x0000003a70300000,0x0000003a70400000) (1024K)]
Total: 9

Other Threads:
  0x000001aa7d9583e0 VMThread "VM Thread"                           [id=6652, stack(0x0000003a6fb00000,0x0000003a6fc00000) (1024K)]
  0x000001aa7d941380 WatcherThread "VM Periodic Task Thread"        [id=4932, stack(0x0000003a6fa00000,0x0000003a6fb00000) (1024K)]
  0x000001aa6fc7dad0 WorkerThread "GC Thread#0"                     [id=2240, stack(0x0000003a6f500000,0x0000003a6f600000) (1024K)]
  0x000001aa6fc93270 ConcurrentGCThread "G1 Main Marker"            [id=8464, stack(0x0000003a6f600000,0x0000003a6f700000) (1024K)]
  0x000001aa6fc93d80 WorkerThread "G1 Conc#0"                       [id=3792, stack(0x0000003a6f700000,0x0000003a6f800000) (1024K)]
  0x000001aa6fcee3f0 ConcurrentGCThread "G1 Refine#0"               [id=6256, stack(0x0000003a6f800000,0x0000003a6f900000) (1024K)]
  0x000001aa7d8161a0 ConcurrentGCThread "G1 Service"                [id=9624, stack(0x0000003a6f900000,0x0000003a6fa00000) (1024K)]
Total: 7

Threads with active compile tasks:
Total: 0

VM state: not at safepoint (normal execution)

VM Mutex/Monitor currently owned by a thread:  ([mutex/lock_event])
[0x00007ff8325a1890] Metaspace_lock - owner thread: 0x000001aa6fc26b90

Heap address: 0x0000000083200000, size: 1998 MB, Compressed Oops mode: 32-bit

CDS archive(s) mapped at: [0x000001aa0f000000-0x000001aa0fd70000-0x000001aa0fd70000), size 14090240, SharedBaseAddress: 0x000001aa0f000000, ArchiveRelocationMode: 1.
Compressed class space mapped at: 0x000001aa10000000-0x000001aa50000000, reserved size: 1073741824
Narrow klass base: 0x000001aa0f000000, Narrow klass shift: 0, Narrow klass range: 0x41000000

GC Precious Log:
 CardTable entry size: 512
 Card Set container configuration: InlinePtr #cards 5 size 8 Array Of Cards #cards 10 size 36 Howl #buckets 4 coarsen threshold 1843 Howl Bitmap #cards 512 size 80 coarsen threshold 460 Card regions per heap region 1 cards per card region 2048
 CPUs: 8 total, 8 available
 Memory: 7987M
 Large Page Support: Disabled
 NUMA Support: Disabled
 Compressed Oops: Enabled (32-bit)
 Heap Region Size: 1M
 Heap Min Capacity: 8M
 Heap Initial Capacity: 126M
 Heap Max Capacity: 1998M
 Pre-touch: Disabled
 Parallel Workers: 8
 Concurrent Workers: 2
 Concurrent Refinement Workers: 8
 Periodic GC: Disabled

Heap:
 garbage-first heap   total reserved 2045952K, committed 129024K, used 0K [0x0000000083200000, 0x0000000100000000)
  region size 1024K, 1 young (1024K), 0 survivors (0K)
 Metaspace       used 64K, committed 128K, reserved 1114112K
  class space    used 0K, committed 64K, reserved 1048576K

Heap Regions: E=young(eden), S=young(survivor), O=old, HS=humongous(starts), HC=humongous(continues), CS=collection set, F=free, TAMS=top-at-mark-start, PB=parsable bottom
|   0|0x0000000083200000, 0x0000000083200000, 0x0000000083300000|  0%| F|  |TAMS 0x0000000083200000| PB 0x0000000083200000| Untracked |  0
|   1|0x0000000083300000, 0x0000000083300000, 0x0000000083400000|  0%| F|  |TAMS 0x0000000083300000| PB 0x0000000083300000| Untracked |  0
|   2|0x0000000083400000, 0x0000000083400000, 0x0000000083500000|  0%| F|  |TAMS 0x0000000083400000| PB 0x0000000083400000| Untracked |  0
|   3|0x0000000083500000, 0x0000000083500000, 0x0000000083600000|  0%| F|  |TAMS 0x0000000083500000| PB 0x0000000083500000| Untracked |  0
|   4|0x0000000083600000, 0x0000000083600000, 0x0000000083700000|  0%| F|  |TAMS 0x0000000083600000| PB 0x0000000083600000| Untracked |  0
|   5|0x0000000083700000, 0x0000000083700000, 0x0000000083800000|  0%| F|  |TAMS 0x0000000083700000| PB 0x0000000083700000| Untracked |  0
|   6|0x0000000083800000, 0x0000000083800000, 0x0000000083900000|  0%| F|  |TAMS 0x0000000083800000| PB 0x0000000083800000| Untracked |  0
|   7|0x0000000083900000, 0x0000000083900000, 0x0000000083a00000|  0%| F|  |TAMS 0x0000000083900000| PB 0x0000000083900000| Untracked |  0
|   8|0x0000000083a00000, 0x0000000083a00000, 0x0000000083b00000|  0%| F|  |TAMS 0x0000000083a00000| PB 0x0000000083a00000| Untracked |  0
|   9|0x0000000083b00000, 0x0000000083b00000, 0x0000000083c00000|  0%| F|  |TAMS 0x0000000083b00000| PB 0x0000000083b00000| Untracked |  0
|  10|0x0000000083c00000, 0x0000000083c00000, 0x0000000083d00000|  0%| F|  |TAMS 0x0000000083c00000| PB 0x0000000083c00000| Untracked |  0
|  11|0x0000000083d00000, 0x0000000083d00000, 0x0000000083e00000|  0%| F|  |TAMS 0x0000000083d00000| PB 0x0000000083d00000| Untracked |  0
|  12|0x0000000083e00000, 0x0000000083e00000, 0x0000000083f00000|  0%| F|  |TAMS 0x0000000083e00000| PB 0x0000000083e00000| Untracked |  0
|  13|0x0000000083f00000, 0x0000000083f00000, 0x0000000084000000|  0%| F|  |TAMS 0x0000000083f00000| PB 0x0000000083f00000| Untracked |  0
|  14|0x0000000084000000, 0x0000000084000000, 0x0000000084100000|  0%| F|  |TAMS 0x0000000084000000| PB 0x0000000084000000| Untracked |  0
|  15|0x0000000084100000, 0x0000000084100000, 0x0000000084200000|  0%| F|  |TAMS 0x0000000084100000| PB 0x0000000084100000| Untracked |  0
|  16|0x0000000084200000, 0x0000000084200000, 0x0000000084300000|  0%| F|  |TAMS 0x0000000084200000| PB 0x0000000084200000| Untracked |  0
|  17|0x0000000084300000, 0x0000000084300000, 0x0000000084400000|  0%| F|  |TAMS 0x0000000084300000| PB 0x0000000084300000| Untracked |  0
|  18|0x0000000084400000, 0x0000000084400000, 0x0000000084500000|  0%| F|  |TAMS 0x0000000084400000| PB 0x0000000084400000| Untracked |  0
|  19|0x0000000084500000, 0x0000000084500000, 0x0000000084600000|  0%| F|  |TAMS 0x0000000084500000| PB 0x0000000084500000| Untracked |  0
|  20|0x0000000084600000, 0x0000000084600000, 0x0000000084700000|  0%| F|  |TAMS 0x0000000084600000| PB 0x0000000084600000| Untracked |  0
|  21|0x0000000084700000, 0x0000000084700000, 0x0000000084800000|  0%| F|  |TAMS 0x0000000084700000| PB 0x0000000084700000| Untracked |  0
|  22|0x0000000084800000, 0x0000000084800000, 0x0000000084900000|  0%| F|  |TAMS 0x0000000084800000| PB 0x0000000084800000| Untracked |  0
|  23|0x0000000084900000, 0x0000000084900000, 0x0000000084a00000|  0%| F|  |TAMS 0x0000000084900000| PB 0x0000000084900000| Untracked |  0
|  24|0x0000000084a00000, 0x0000000084a00000, 0x0000000084b00000|  0%| F|  |TAMS 0x0000000084a00000| PB 0x0000000084a00000| Untracked |  0
|  25|0x0000000084b00000, 0x0000000084b00000, 0x0000000084c00000|  0%| F|  |TAMS 0x0000000084b00000| PB 0x0000000084b00000| Untracked |  0
|  26|0x0000000084c00000, 0x0000000084c00000, 0x0000000084d00000|  0%| F|  |TAMS 0x0000000084c00000| PB 0x0000000084c00000| Untracked |  0
|  27|0x0000000084d00000, 0x0000000084d00000, 0x0000000084e00000|  0%| F|  |TAMS 0x0000000084d00000| PB 0x0000000084d00000| Untracked |  0
|  28|0x0000000084e00000, 0x0000000084e00000, 0x0000000084f00000|  0%| F|  |TAMS 0x0000000084e00000| PB 0x0000000084e00000| Untracked |  0
|  29|0x0000000084f00000, 0x0000000084f00000, 0x0000000085000000|  0%| F|  |TAMS 0x0000000084f00000| PB 0x0000000084f00000| Untracked |  0
|  30|0x0000000085000000, 0x0000000085000000, 0x0000000085100000|  0%| F|  |TAMS 0x0000000085000000| PB 0x0000000085000000| Untracked |  0
|  31|0x0000000085100000, 0x0000000085100000, 0x0000000085200000|  0%| F|  |TAMS 0x0000000085100000| PB 0x0000000085100000| Untracked |  0
|  32|0x0000000085200000, 0x0000000085200000, 0x0000000085300000|  0%| F|  |TAMS 0x0000000085200000| PB 0x0000000085200000| Untracked |  0
|  33|0x0000000085300000, 0x0000000085300000, 0x0000000085400000|  0%| F|  |TAMS 0x0000000085300000| PB 0x0000000085300000| Untracked |  0
|  34|0x0000000085400000, 0x0000000085400000, 0x0000000085500000|  0%| F|  |TAMS 0x0000000085400000| PB 0x0000000085400000| Untracked |  0
|  35|0x0000000085500000, 0x0000000085500000, 0x0000000085600000|  0%| F|  |TAMS 0x0000000085500000| PB 0x0000000085500000| Untracked |  0
|  36|0x0000000085600000, 0x0000000085600000, 0x0000000085700000|  0%| F|  |TAMS 0x0000000085600000| PB 0x0000000085600000| Untracked |  0
|  37|0x0000000085700000, 0x0000000085700000, 0x0000000085800000|  0%| F|  |TAMS 0x0000000085700000| PB 0x0000000085700000| Untracked |  0
|  38|0x0000000085800000, 0x0000000085800000, 0x0000000085900000|  0%| F|  |TAMS 0x0000000085800000| PB 0x0000000085800000| Untracked |  0
|  39|0x0000000085900000, 0x0000000085900000, 0x0000000085a00000|  0%| F|  |TAMS 0x0000000085900000| PB 0x0000000085900000| Untracked |  0
|  40|0x0000000085a00000, 0x0000000085a00000, 0x0000000085b00000|  0%| F|  |TAMS 0x0000000085a00000| PB 0x0000000085a00000| Untracked |  0
|  41|0x0000000085b00000, 0x0000000085b00000, 0x0000000085c00000|  0%| F|  |TAMS 0x0000000085b00000| PB 0x0000000085b00000| Untracked |  0
|  42|0x0000000085c00000, 0x0000000085c00000, 0x0000000085d00000|  0%| F|  |TAMS 0x0000000085c00000| PB 0x0000000085c00000| Untracked |  0
|  43|0x0000000085d00000, 0x0000000085d00000, 0x0000000085e00000|  0%| F|  |TAMS 0x0000000085d00000| PB 0x0000000085d00000| Untracked |  0
|  44|0x0000000085e00000, 0x0000000085e00000, 0x0000000085f00000|  0%| F|  |TAMS 0x0000000085e00000| PB 0x0000000085e00000| Untracked |  0
|  45|0x0000000085f00000, 0x0000000085f00000, 0x0000000086000000|  0%| F|  |TAMS 0x0000000085f00000| PB 0x0000000085f00000| Untracked |  0
|  46|0x0000000086000000, 0x0000000086000000, 0x0000000086100000|  0%| F|  |TAMS 0x0000000086000000| PB 0x0000000086000000| Untracked |  0
|  47|0x0000000086100000, 0x0000000086100000, 0x0000000086200000|  0%| F|  |TAMS 0x0000000086100000| PB 0x0000000086100000| Untracked |  0
|  48|0x0000000086200000, 0x0000000086200000, 0x0000000086300000|  0%| F|  |TAMS 0x0000000086200000| PB 0x0000000086200000| Untracked |  0
|  49|0x0000000086300000, 0x0000000086300000, 0x0000000086400000|  0%| F|  |TAMS 0x0000000086300000| PB 0x0000000086300000| Untracked |  0
|  50|0x0000000086400000, 0x0000000086400000, 0x0000000086500000|  0%| F|  |TAMS 0x0000000086400000| PB 0x0000000086400000| Untracked |  0
|  51|0x0000000086500000, 0x0000000086500000, 0x0000000086600000|  0%| F|  |TAMS 0x0000000086500000| PB 0x0000000086500000| Untracked |  0
|  52|0x0000000086600000, 0x0000000086600000, 0x0000000086700000|  0%| F|  |TAMS 0x0000000086600000| PB 0x0000000086600000| Untracked |  0
|  53|0x0000000086700000, 0x0000000086700000, 0x0000000086800000|  0%| F|  |TAMS 0x0000000086700000| PB 0x0000000086700000| Untracked |  0
|  54|0x0000000086800000, 0x0000000086800000, 0x0000000086900000|  0%| F|  |TAMS 0x0000000086800000| PB 0x0000000086800000| Untracked |  0
|  55|0x0000000086900000, 0x0000000086900000, 0x0000000086a00000|  0%| F|  |TAMS 0x0000000086900000| PB 0x0000000086900000| Untracked |  0
|  56|0x0000000086a00000, 0x0000000086a00000, 0x0000000086b00000|  0%| F|  |TAMS 0x0000000086a00000| PB 0x0000000086a00000| Untracked |  0
|  57|0x0000000086b00000, 0x0000000086b00000, 0x0000000086c00000|  0%| F|  |TAMS 0x0000000086b00000| PB 0x0000000086b00000| Untracked |  0
|  58|0x0000000086c00000, 0x0000000086c00000, 0x0000000086d00000|  0%| F|  |TAMS 0x0000000086c00000| PB 0x0000000086c00000| Untracked |  0
|  59|0x0000000086d00000, 0x0000000086d00000, 0x0000000086e00000|  0%| F|  |TAMS 0x0000000086d00000| PB 0x0000000086d00000| Untracked |  0
|  60|0x0000000086e00000, 0x0000000086e00000, 0x0000000086f00000|  0%| F|  |TAMS 0x0000000086e00000| PB 0x0000000086e00000| Untracked |  0
|  61|0x0000000086f00000, 0x0000000086f00000, 0x0000000087000000|  0%| F|  |TAMS 0x0000000086f00000| PB 0x0000000086f00000| Untracked |  0
|  62|0x0000000087000000, 0x0000000087000000, 0x0000000087100000|  0%| F|  |TAMS 0x0000000087000000| PB 0x0000000087000000| Untracked |  0
|  63|0x0000000087100000, 0x0000000087100000, 0x0000000087200000|  0%| F|  |TAMS 0x0000000087100000| PB 0x0000000087100000| Untracked |  0
|  64|0x0000000087200000, 0x0000000087200000, 0x0000000087300000|  0%| F|  |TAMS 0x0000000087200000| PB 0x0000000087200000| Untracked |  0
|  65|0x0000000087300000, 0x0000000087300000, 0x0000000087400000|  0%| F|  |TAMS 0x0000000087300000| PB 0x0000000087300000| Untracked |  0
|  66|0x0000000087400000, 0x0000000087400000, 0x0000000087500000|  0%| F|  |TAMS 0x0000000087400000| PB 0x0000000087400000| Untracked |  0
|  67|0x0000000087500000, 0x0000000087500000, 0x0000000087600000|  0%| F|  |TAMS 0x0000000087500000| PB 0x0000000087500000| Untracked |  0
|  68|0x0000000087600000, 0x0000000087600000, 0x0000000087700000|  0%| F|  |TAMS 0x0000000087600000| PB 0x0000000087600000| Untracked |  0
|  69|0x0000000087700000, 0x0000000087700000, 0x0000000087800000|  0%| F|  |TAMS 0x0000000087700000| PB 0x0000000087700000| Untracked |  0
|  70|0x0000000087800000, 0x0000000087800000, 0x0000000087900000|  0%| F|  |TAMS 0x0000000087800000| PB 0x0000000087800000| Untracked |  0
|  71|0x0000000087900000, 0x0000000087900000, 0x0000000087a00000|  0%| F|  |TAMS 0x0000000087900000| PB 0x0000000087900000| Untracked |  0
|  72|0x0000000087a00000, 0x0000000087a00000, 0x0000000087b00000|  0%| F|  |TAMS 0x0000000087a00000| PB 0x0000000087a00000| Untracked |  0
|  73|0x0000000087b00000, 0x0000000087b00000, 0x0000000087c00000|  0%| F|  |TAMS 0x0000000087b00000| PB 0x0000000087b00000| Untracked |  0
|  74|0x0000000087c00000, 0x0000000087c00000, 0x0000000087d00000|  0%| F|  |TAMS 0x0000000087c00000| PB 0x0000000087c00000| Untracked |  0
|  75|0x0000000087d00000, 0x0000000087d00000, 0x0000000087e00000|  0%| F|  |TAMS 0x0000000087d00000| PB 0x0000000087d00000| Untracked |  0
|  76|0x0000000087e00000, 0x0000000087e00000, 0x0000000087f00000|  0%| F|  |TAMS 0x0000000087e00000| PB 0x0000000087e00000| Untracked |  0
|  77|0x0000000087f00000, 0x0000000087f00000, 0x0000000088000000|  0%| F|  |TAMS 0x0000000087f00000| PB 0x0000000087f00000| Untracked |  0
|  78|0x0000000088000000, 0x0000000088000000, 0x0000000088100000|  0%| F|  |TAMS 0x0000000088000000| PB 0x0000000088000000| Untracked |  0
|  79|0x0000000088100000, 0x0000000088100000, 0x0000000088200000|  0%| F|  |TAMS 0x0000000088100000| PB 0x0000000088100000| Untracked |  0
|  80|0x0000000088200000, 0x0000000088200000, 0x0000000088300000|  0%| F|  |TAMS 0x0000000088200000| PB 0x0000000088200000| Untracked |  0
|  81|0x0000000088300000, 0x0000000088300000, 0x0000000088400000|  0%| F|  |TAMS 0x0000000088300000| PB 0x0000000088300000| Untracked |  0
|  82|0x0000000088400000, 0x0000000088400000, 0x0000000088500000|  0%| F|  |TAMS 0x0000000088400000| PB 0x0000000088400000| Untracked |  0
|  83|0x0000000088500000, 0x0000000088500000, 0x0000000088600000|  0%| F|  |TAMS 0x0000000088500000| PB 0x0000000088500000| Untracked |  0
|  84|0x0000000088600000, 0x0000000088600000, 0x0000000088700000|  0%| F|  |TAMS 0x0000000088600000| PB 0x0000000088600000| Untracked |  0
|  85|0x0000000088700000, 0x0000000088700000, 0x0000000088800000|  0%| F|  |TAMS 0x0000000088700000| PB 0x0000000088700000| Untracked |  0
|  86|0x0000000088800000, 0x0000000088800000, 0x0000000088900000|  0%| F|  |TAMS 0x0000000088800000| PB 0x0000000088800000| Untracked |  0
|  87|0x0000000088900000, 0x0000000088900000, 0x0000000088a00000|  0%| F|  |TAMS 0x0000000088900000| PB 0x0000000088900000| Untracked |  0
|  88|0x0000000088a00000, 0x0000000088a00000, 0x0000000088b00000|  0%| F|  |TAMS 0x0000000088a00000| PB 0x0000000088a00000| Untracked |  0
|  89|0x0000000088b00000, 0x0000000088b00000, 0x0000000088c00000|  0%| F|  |TAMS 0x0000000088b00000| PB 0x0000000088b00000| Untracked |  0
|  90|0x0000000088c00000, 0x0000000088c00000, 0x0000000088d00000|  0%| F|  |TAMS 0x0000000088c00000| PB 0x0000000088c00000| Untracked |  0
|  91|0x0000000088d00000, 0x0000000088d00000, 0x0000000088e00000|  0%| F|  |TAMS 0x0000000088d00000| PB 0x0000000088d00000| Untracked |  0
|  92|0x0000000088e00000, 0x0000000088e00000, 0x0000000088f00000|  0%| F|  |TAMS 0x0000000088e00000| PB 0x0000000088e00000| Untracked |  0
|  93|0x0000000088f00000, 0x0000000088f00000, 0x0000000089000000|  0%| F|  |TAMS 0x0000000088f00000| PB 0x0000000088f00000| Untracked |  0
|  94|0x0000000089000000, 0x0000000089000000, 0x0000000089100000|  0%| F|  |TAMS 0x0000000089000000| PB 0x0000000089000000| Untracked |  0
|  95|0x0000000089100000, 0x0000000089100000, 0x0000000089200000|  0%| F|  |TAMS 0x0000000089100000| PB 0x0000000089100000| Untracked |  0
|  96|0x0000000089200000, 0x0000000089200000, 0x0000000089300000|  0%| F|  |TAMS 0x0000000089200000| PB 0x0000000089200000| Untracked |  0
|  97|0x0000000089300000, 0x0000000089300000, 0x0000000089400000|  0%| F|  |TAMS 0x0000000089300000| PB 0x0000000089300000| Untracked |  0
|  98|0x0000000089400000, 0x0000000089400000, 0x0000000089500000|  0%| F|  |TAMS 0x0000000089400000| PB 0x0000000089400000| Untracked |  0
|  99|0x0000000089500000, 0x0000000089500000, 0x0000000089600000|  0%| F|  |TAMS 0x0000000089500000| PB 0x0000000089500000| Untracked |  0
| 100|0x0000000089600000, 0x0000000089600000, 0x0000000089700000|  0%| F|  |TAMS 0x0000000089600000| PB 0x0000000089600000| Untracked |  0
| 101|0x0000000089700000, 0x0000000089700000, 0x0000000089800000|  0%| F|  |TAMS 0x0000000089700000| PB 0x0000000089700000| Untracked |  0
| 102|0x0000000089800000, 0x0000000089800000, 0x0000000089900000|  0%| F|  |TAMS 0x0000000089800000| PB 0x0000000089800000| Untracked |  0
| 103|0x0000000089900000, 0x0000000089900000, 0x0000000089a00000|  0%| F|  |TAMS 0x0000000089900000| PB 0x0000000089900000| Untracked |  0
| 104|0x0000000089a00000, 0x0000000089a00000, 0x0000000089b00000|  0%| F|  |TAMS 0x0000000089a00000| PB 0x0000000089a00000| Untracked |  0
| 105|0x0000000089b00000, 0x0000000089b00000, 0x0000000089c00000|  0%| F|  |TAMS 0x0000000089b00000| PB 0x0000000089b00000| Untracked |  0
| 106|0x0000000089c00000, 0x0000000089c00000, 0x0000000089d00000|  0%| F|  |TAMS 0x0000000089c00000| PB 0x0000000089c00000| Untracked |  0
| 107|0x0000000089d00000, 0x0000000089d00000, 0x0000000089e00000|  0%| F|  |TAMS 0x0000000089d00000| PB 0x0000000089d00000| Untracked |  0
| 108|0x0000000089e00000, 0x0000000089e00000, 0x0000000089f00000|  0%| F|  |TAMS 0x0000000089e00000| PB 0x0000000089e00000| Untracked |  0
| 109|0x0000000089f00000, 0x0000000089f00000, 0x000000008a000000|  0%| F|  |TAMS 0x0000000089f00000| PB 0x0000000089f00000| Untracked |  0
| 110|0x000000008a000000, 0x000000008a000000, 0x000000008a100000|  0%| F|  |TAMS 0x000000008a000000| PB 0x000000008a000000| Untracked |  0
| 111|0x000000008a100000, 0x000000008a100000, 0x000000008a200000|  0%| F|  |TAMS 0x000000008a100000| PB 0x000000008a100000| Untracked |  0
| 112|0x000000008a200000, 0x000000008a200000, 0x000000008a300000|  0%| F|  |TAMS 0x000000008a200000| PB 0x000000008a200000| Untracked |  0
| 113|0x000000008a300000, 0x000000008a300000, 0x000000008a400000|  0%| F|  |TAMS 0x000000008a300000| PB 0x000000008a300000| Untracked |  0
| 114|0x000000008a400000, 0x000000008a400000, 0x000000008a500000|  0%| F|  |TAMS 0x000000008a400000| PB 0x000000008a400000| Untracked |  0
| 115|0x000000008a500000, 0x000000008a500000, 0x000000008a600000|  0%| F|  |TAMS 0x000000008a500000| PB 0x000000008a500000| Untracked |  0
| 116|0x000000008a600000, 0x000000008a600000, 0x000000008a700000|  0%| F|  |TAMS 0x000000008a600000| PB 0x000000008a600000| Untracked |  0
| 117|0x000000008a700000, 0x000000008a700000, 0x000000008a800000|  0%| F|  |TAMS 0x000000008a700000| PB 0x000000008a700000| Untracked |  0
| 118|0x000000008a800000, 0x000000008a800000, 0x000000008a900000|  0%| F|  |TAMS 0x000000008a800000| PB 0x000000008a800000| Untracked |  0
| 119|0x000000008a900000, 0x000000008a900000, 0x000000008aa00000|  0%| F|  |TAMS 0x000000008a900000| PB 0x000000008a900000| Untracked |  0
| 120|0x000000008aa00000, 0x000000008aa00000, 0x000000008ab00000|  0%| F|  |TAMS 0x000000008aa00000| PB 0x000000008aa00000| Untracked |  0
| 121|0x000000008ab00000, 0x000000008ab00000, 0x000000008ac00000|  0%| F|  |TAMS 0x000000008ab00000| PB 0x000000008ab00000| Untracked |  0
| 122|0x000000008ac00000, 0x000000008ac00000, 0x000000008ad00000|  0%| F|  |TAMS 0x000000008ac00000| PB 0x000000008ac00000| Untracked |  0
| 123|0x000000008ad00000, 0x000000008ad00000, 0x000000008ae00000|  0%| F|  |TAMS 0x000000008ad00000| PB 0x000000008ad00000| Untracked |  0
| 124|0x000000008ae00000, 0x000000008ae00000, 0x000000008af00000|  0%| F|  |TAMS 0x000000008ae00000| PB 0x000000008ae00000| Untracked |  0
| 125|0x000000008af00000, 0x000000008b000000, 0x000000008b000000|100%| E|  |TAMS 0x000000008af00000| PB 0x000000008af00000| Complete |  0

Card table byte_map: [0x000001aa78b90000,0x000001aa78f80000] _byte_map_base: 0x000001aa78777000

Marking Bits: (CMBitMap*) 0x000001aa6fc7e1e0
 Bits: [0x000001aa78f80000, 0x000001aa7aeb8000)

Polling page: 0x000001aa6f250000

Metaspace:

Usage:
  Non-class:     63.97 KB used.
      Class:   1008 bytes used.
       Both:     64.95 KB used.

Virtual space:
  Non-class space:       64.00 MB reserved,      64.00 KB ( <1%) committed,  1 nodes.
      Class space:        1.00 GB reserved,      64.00 KB ( <1%) committed,  1 nodes.
             Both:        1.06 GB reserved,     128.00 KB ( <1%) committed. 

Chunk freelists:
   Non-Class:  12.00 MB
       Class:  15.75 MB
        Both:  27.75 MB

MaxMetaspaceSize: unlimited
CompressedClassSpaceSize: 1.00 GB
Initial GC threshold: 21.00 MB
Current GC threshold: 21.00 MB
CDS: on
 - commit_granule_bytes: 65536.
 - commit_granule_words: 8192.
 - virtual_space_node_default_size: 8388608.
 - enlarge_chunks_in_place: 1.
 - use_allocation_guard: 0.


Internal statistics:

num_allocs_failed_limit: 0.
num_arena_births: 2.
num_arena_deaths: 0.
num_vsnodes_births: 2.
num_vsnodes_deaths: 0.
num_space_committed: 2.
num_space_uncommitted: 0.
num_chunks_returned_to_freelist: 0.
num_chunks_taken_from_freelist: 3.
num_chunk_merges: 0.
num_chunk_splits: 2.
num_chunks_enlarged: 0.
num_inconsistent_stats: 0.

CodeHeap 'non-profiled nmethods': size=120064Kb used=5Kb max_used=5Kb free=120058Kb
 bounds [0x000001aa07ac0000, 0x000001aa07d30000, 0x000001aa0f000000]
CodeHeap 'profiled nmethods': size=120000Kb used=24Kb max_used=24Kb free=119975Kb
 bounds [0x000001aa00000000, 0x000001aa00270000, 0x000001aa07530000]
CodeHeap 'non-nmethods': size=5696Kb used=1211Kb max_used=1225Kb free=4484Kb
 bounds [0x000001aa07530000, 0x000001aa077a0000, 0x000001aa07ac0000]
CodeCache: size=245760Kb, used=1240Kb, max_used=1254Kb, free=244517Kb
 total_blobs=316, nmethods=27, adapters=195, full_count=0
Compilation: enabled, stopped_count=0, restarted_count=0

Compilation events (20 events):
Event: 4.090 Thread 0x000001aa7d993da0   21       3       java.lang.String::coder (15 bytes)
Event: 4.090 Thread 0x000001aa7d993da0 nmethod 21 0x000001aa00004d08 code [0x000001aa00004e20, 0x000001aa00004f58]
Event: 4.090 Thread 0x000001aa7d993da0   24       3       java.lang.String::length (11 bytes)
Event: 4.090 Thread 0x000001aa7d982040   17       4       jdk.internal.util.ArraysSupport::unsignedHashCode (36 bytes)
Event: 4.090 Thread 0x000001aa7d993da0 nmethod 24 0x000001aa00005008 code [0x000001aa00005120, 0x000001aa000052c0]
Event: 4.090 Thread 0x000001aa7d993da0   22       1       java.lang.module.ModuleDescriptor::name (5 bytes)
Event: 4.090 Thread 0x000001aa7d993da0 nmethod 22 0x000001aa07ac0a08 code [0x000001aa07ac0b20, 0x000001aa07ac0be8]
Event: 4.090 Thread 0x000001aa7d993da0   15       3       java.util.AbstractCollection::<init> (5 bytes)
Event: 4.090 Thread 0x000001aa7d993da0 nmethod 15 0x000001aa00005308 code [0x000001aa00005420, 0x000001aa00005588]
Event: 4.090 Thread 0x000001aa7d993da0   25       1       java.lang.module.ModuleReference::descriptor (5 bytes)
Event: 4.090 Thread 0x000001aa7d993da0 nmethod 25 0x000001aa07ac0d08 code [0x000001aa07ac0e20, 0x000001aa07ac0ee8]
Event: 4.090 Thread 0x000001aa7d993da0   26       3       java.lang.String::charAt (25 bytes)
Event: 4.090 Thread 0x000001aa7d993da0 nmethod 26 0x000001aa00005608 code [0x000001aa00005760, 0x000001aa00005ae0]
Event: 4.090 Thread 0x000001aa7d993da0   27       3       java.lang.StringLatin1::charAt (15 bytes)
Event: 4.090 Thread 0x000001aa7d993da0 nmethod 27 0x000001aa00005b88 code [0x000001aa00005ca0, 0x000001aa00005e68]
Event: 4.090 Thread 0x000001aa7d993da0   28       3       java.lang.String::checkIndex (10 bytes)
Event: 4.091 Thread 0x000001aa7d993da0 nmethod 28 0x000001aa00005f08 code [0x000001aa00006020, 0x000001aa00006158]
Event: 4.092 Thread 0x000001aa7d982040 nmethod 17 0x000001aa07ac1008 code [0x000001aa07ac1100, 0x000001aa07ac12b8]
Event: 4.092 Thread 0x000001aa7d982040   14       4       java.lang.Object::<init> (1 bytes)
Event: 4.092 Thread 0x000001aa7d982040 nmethod 14 0x000001aa07ac1308 code [0x000001aa07ac1400, 0x000001aa07ac1478]

GC Heap History (0 events):
No events

Dll operation events (2 events):
Event: 0.012 Loaded shared library C:\Program Files\Java\jdk-23\bin\java.dll
Event: 1.066 Loaded shared library C:\Program Files\Java\jdk-23\bin\jsvml.dll

Deoptimization events (0 events):
No events

Classes loaded (0 events):
No events

Classes unloaded (0 events):
No events

Classes redefined (0 events):
No events

Internal exceptions (0 events):
No events

VM Operations (0 events):
No events

Memory protections (0 events):
No events

Nmethod flushes (0 events):
No events

Events (9 events):
Event: 1.048 Thread 0x000001aa6fc26b90 Thread added: 0x000001aa6fc26b90
Event: 1.062 Thread 0x000001aa6fc26b90 Thread added: 0x000001aa7d971a40
Event: 1.063 Thread 0x000001aa6fc26b90 Thread added: 0x000001aa7d9766b0
Event: 1.063 Thread 0x000001aa6fc26b90 Thread added: 0x000001aa7d9794b0
Event: 1.063 Thread 0x000001aa6fc26b90 Thread added: 0x000001aa7d97a130
Event: 1.063 Thread 0x000001aa6fc26b90 Thread added: 0x000001aa7d97b9a0
Event: 1.063 Thread 0x000001aa6fc26b90 Thread added: 0x000001aa7d97d880
Event: 1.063 Thread 0x000001aa6fc26b90 Thread added: 0x000001aa7d982040
Event: 1.063 Thread 0x000001aa6fc26b90 Thread added: 0x000001aa7d993da0


Dynamic libraries:
0x00007ff708590000 - 0x00007ff7085a0000 	C:\Program Files\Java\jdk-23\bin\java.exe
0x00007ff8834a0000 - 0x00007ff883703000 	C:\WINDOWS\SYSTEM32\ntdll.dll
0x00007ff882650000 - 0x00007ff882717000 	C:\WINDOWS\System32\KERNEL32.DLL
0x00007ff880960000 - 0x00007ff880d29000 	C:\WINDOWS\System32\KERNELBASE.dll
0x00007ff880e10000 - 0x00007ff880f5c000 	C:\WINDOWS\System32\ucrtbase.dll
0x00007ff87a620000 - 0x00007ff87a637000 	C:\Program Files\Java\jdk-23\bin\jli.dll
0x00007ff878a50000 - 0x00007ff878a6b000 	C:\Program Files\Java\jdk-23\bin\VCRUNTIME140.dll
0x00007ff8812e0000 - 0x00007ff8814aa000 	C:\WINDOWS\System32\USER32.dll
0x00007ff880de0000 - 0x00007ff880e07000 	C:\WINDOWS\System32\win32u.dll
0x00007ff86c0a0000 - 0x00007ff86c330000 	C:\WINDOWS\WinSxS\amd64_microsoft.windows.common-controls_6595b64144ccf1df_6.0.26100.3323_none_3e088096e3344490\COMCTL32.dll
0x00007ff882610000 - 0x00007ff88263a000 	C:\WINDOWS\System32\GDI32.dll
0x00007ff882a30000 - 0x00007ff882ad9000 	C:\WINDOWS\System32\msvcrt.dll
0x00007ff8806a0000 - 0x00007ff8807d1000 	C:\WINDOWS\System32\gdi32full.dll
0x00007ff880d30000 - 0x00007ff880dd3000 	C:\WINDOWS\System32\msvcp_win.dll
0x00007ff881d40000 - 0x00007ff881d6f000 	C:\WINDOWS\System32\IMM32.DLL
0x00007ff87c620000 - 0x00007ff87c62c000 	C:\Program Files\Java\jdk-23\bin\vcruntime140_1.dll
0x00007ff86ef30000 - 0x00007ff86efbe000 	C:\Program Files\Java\jdk-23\bin\msvcp140.dll
0x00007ff831930000 - 0x00007ff83267f000 	C:\Program Files\Java\jdk-23\bin\server\jvm.dll
0x00007ff881c60000 - 0x00007ff881d12000 	C:\WINDOWS\System32\ADVAPI32.dll
0x00007ff882850000 - 0x00007ff8828f6000 	C:\WINDOWS\System32\sechost.dll
0x00007ff882900000 - 0x00007ff882a16000 	C:\WINDOWS\System32\RPCRT4.dll
0x00007ff8833e0000 - 0x00007ff883454000 	C:\WINDOWS\System32\WS2_32.dll
0x00007ff880550000 - 0x00007ff88059e000 	C:\WINDOWS\SYSTEM32\POWRPROF.dll
0x00007ff86e3c0000 - 0x00007ff86e3f6000 	C:\WINDOWS\SYSTEM32\WINMM.dll
0x00007ff8749c0000 - 0x00007ff8749cb000 	C:\WINDOWS\SYSTEM32\VERSION.dll
0x00007ff880530000 - 0x00007ff880544000 	C:\WINDOWS\SYSTEM32\UMPDC.dll
0x00007ff87f480000 - 0x00007ff87f49a000 	C:\WINDOWS\SYSTEM32\kernel.appcore.dll
0x00007ff878920000 - 0x00007ff87892a000 	C:\Program Files\Java\jdk-23\bin\jimage.dll
0x00007ff87e020000 - 0x00007ff87e261000 	C:\WINDOWS\SYSTEM32\DBGHELP.DLL
0x00007ff882080000 - 0x00007ff882402000 	C:\WINDOWS\System32\combase.dll
0x00007ff883300000 - 0x00007ff8833d6000 	C:\WINDOWS\System32\OLEAUT32.dll
0x00007ff86bb00000 - 0x00007ff86bb39000 	C:\WINDOWS\SYSTEM32\dbgcore.DLL
0x00007ff8810b0000 - 0x00007ff881149000 	C:\WINDOWS\System32\bcryptPrimitives.dll
0x00007ff874ea0000 - 0x00007ff874eaf000 	C:\Program Files\Java\jdk-23\bin\instrument.dll
0x00007ff86eeb0000 - 0x00007ff86eece000 	C:\Program Files\Java\jdk-23\bin\java.dll
0x00007ff882470000 - 0x00007ff882605000 	C:\WINDOWS\System32\ole32.dll
0x00007ff8814b0000 - 0x00007ff881bc5000 	C:\WINDOWS\System32\SHELL32.dll
0x00007ff881150000 - 0x00007ff8812b8000 	C:\WINDOWS\System32\wintypes.dll
0x00007ff87e360000 - 0x00007ff87eba5000 	C:\WINDOWS\SYSTEM32\windows.storage.dll
0x00007ff881ee0000 - 0x00007ff881fcb000 	C:\WINDOWS\System32\SHCORE.dll
0x00007ff8832a0000 - 0x00007ff8832fd000 	C:\WINDOWS\System32\shlwapi.dll
0x00007ff8805b0000 - 0x00007ff8805df000 	C:\WINDOWS\SYSTEM32\profapi.dll
0x00007ff86e460000 - 0x00007ff86e537000 	C:\Program Files\Java\jdk-23\bin\jsvml.dll

dbghelp: loaded successfully - version: 4.0.5 - missing functions: none
symbol engine: initialized successfully - sym options: 0x614 - pdb path: .;C:\Program Files\Java\jdk-23\bin;C:\WINDOWS\SYSTEM32;C:\WINDOWS\WinSxS\amd64_microsoft.windows.common-controls_6595b64144ccf1df_6.0.26100.3323_none_3e088096e3344490;C:\Program Files\Java\jdk-23\bin\server

VM Arguments:
jvm_args: -javaagent:C:\Program Files\JetBrains\IntelliJ IDEA Community Edition 2024.3.5\lib\idea_rt.jar=50532 -Dfile.encoding=UTF-8 -Dsun.stdout.encoding=UTF-8 -Dsun.stderr.encoding=UTF-8 
java_command: Main
java_class_path (initial): C:\Estudo Java DIO\banco-fianceiro\out\production\banco-fianceiro
Launcher Type: SUN_STANDARD

[Global flags]
     intx CICompilerCount                          = 4                                         {product} {ergonomic}
     uint ConcGCThreads                            = 2                                         {product} {ergonomic}
     uint G1ConcRefinementThreads                  = 8                                         {product} {ergonomic}
   size_t G1HeapRegionSize                         = 1048576                                   {product} {ergonomic}
   size_t InitialHeapSize                          = 132120576                                 {product} {ergonomic}
   size_t MarkStackSize                            = 4194304                                   {product} {ergonomic}
   size_t MarkStackSizeMax                         = 536870912                                 {product} {ergonomic}
   size_t MaxHeapSize                              = 2095054848                                {product} {ergonomic}
   size_t MaxNewSize                               = 1256194048                                {product} {ergonomic}
   size_t MinHeapDeltaBytes                        = 1048576                                   {product} {ergonomic}
   size_t MinHeapSize                              = 8388608                                   {product} {ergonomic}
    uintx NonNMethodCodeHeapSize                   = 5832704                                {pd product} {ergonomic}
    uintx NonProfiledCodeHeapSize                  = 122945536                              {pd product} {ergonomic}
    uintx ProfiledCodeHeapSize                     = 122880000                              {pd product} {ergonomic}
    uintx ReservedCodeCacheSize                    = 251658240                              {pd product} {ergonomic}
     bool SegmentedCodeCache                       = true                                      {product} {ergonomic}
   size_t SoftMaxHeapSize                          = 2095054848                             {manageable} {ergonomic}
     bool UseCompressedOops                        = true                           {product lp64_product} {ergonomic}
     bool UseG1GC                                  = true                                      {product} {ergonomic}
     bool UseLargePagesIndividualAllocation        = false                                  {pd product} {ergonomic}

Logging:
Log output configuration:
 #0: stdout all=warning uptime,level,tags foldmultilines=false
 #1: stderr all=off uptime,level,tags foldmultilines=false

Environment Variables:
PATH=C:\Program Files\Common Files\Oracle\Java\javapath;C:\WINDOWS\system32;C:\WINDOWS;C:\WINDOWS\System32\Wbem;C:\WINDOWS\System32\WindowsPowerShell\v1.0\;C:\WINDOWS\System32\OpenSSH\;C:\Program Files\nodejs\;C:\Program Files\Git\cmd;C:\Users\edjor\AppData\Local\Microsoft\WindowsApps;C:\Users\edjor\AppData\Roaming\npm;C:\Users\edjor\AppData\Local\Programs\Microsoft VS Code\bin;C:\Users\edjor\AppData\Local\GitHubDesktop\bin
USERNAME=edjor
OS=Windows_NT
PROCESSOR_IDENTIFIER=Intel64 Family 6 Model 126 Stepping 5, GenuineIntel
TMP=C:\Users\edjor\AppData\Local\Temp
TEMP=C:\Users\edjor\AppData\Local\Temp




Periodic native trim disabled

---------------  S Y S T E M  ---------------

OS:
 Windows 11 , 64 bit Build 26100 (10.0.26100.3323)
OS uptime: 0 days 3:47 hours
Hyper-V role detected

CPU: total 8 (initial active 8) (4 cores per cpu, 2 threads per core) family 6 model 126 stepping 5 microcode 0xa6, cx8, cmov, fxsr, ht, mmx, 3dnowpref, sse, sse2, sse3, ssse3, sse4.1, sse4.2, popcnt, lzcnt, tsc, tscinvbit, avx, avx2, aes, erms, clmul, bmi1, bmi2, adx, avx512f, avx512dq, avx512cd, avx512bw, avx512vl, sha, fma, vzeroupper, avx512_vpopcntdq, avx512_vpclmulqdq, avx512_vaes, avx512_vnni, clflush, clflushopt, avx512_vbmi2, avx512_vbmi, hv, rdtscp, rdpid, fsrm, gfni, avx512_bitalg, f16c, avx512_ifma
Processor Information for the first 8 processors :
  Max Mhz: 1190, Current Mhz: 991, Mhz Limit: 987

Memory: 4k page, system-wide physical 7987M (1397M free)
TotalPageFile size 7987M (AvailPageFile size 0M)
current process WorkingSet (physical memory assigned to process): 36M, peak: 36M
current process commit charge ("private bytes"): 206M, peak: 206M

vm_info: Java HotSpot(TM) 64-Bit Server VM (23.0.1+11-39) for windows-amd64 JRE (23.0.1+11-39), built on 2024-09-30T07:20:43Z with MS VC++ 17.6 (VS2022)

END.
